<?xml version="1.0" encoding="UTF-8"?>
<testsuite xmlns:xsi="http://www.w3.org/2001/XMLSchema-instance" xsi:noNamespaceSchemaLocation="https://maven.apache.org/surefire/maven-surefire-plugin/xsd/surefire-test-report-3.0.xsd" version="3.0" name="com.example.jpegscaler.JpegScalerGUITest" time="0.243" tests="9" errors="0" skipped="0" failures="0">
  <properties>
[...]
</properties>
  <testcase name="testSingleDimensionValidation" classname="com.example.jpegscaler.JpegScalerGUITest" time="0.088"/>
  <testcase name="testGUIComponentProperties" classname="com.example.jpegscaler.JpegScalerGUITest" time="0.017"/>
  <testcase name="testMaxDimensionsValidation" classname="com.example.jpegscaler.JpegScalerGUITest" time="0.02"/>
  <testcase name="testFileValidation" classname="com.example.jpegscaler.JpegScalerGUITest" time="0.019"/>
  <testcase name="testLogging" classname="com.example.jpegscaler.JpegScalerGUITest" time="0.022"/>
  <testcase name="testFieldStateUpdates" classname="com.example.jpegscaler.JpegScalerGUITest" time="0.019"/>
  <testcase name="testGUIInstantiation" classname="com.example.jpegscaler.JpegScalerGUITest" time="0.017"/>
  <testcase name="testQualitySlider" classname="com.example.jpegscaler.JpegScalerGUITest" time="0.019"/>
  <testcase name="testExactDimensionsValidation" classname="com.example.jpegscaler.JpegScalerGUITest" time="0.019"/>
</testsuite>